<?xml version="1.0" encoding="UTF-8"?>
<!-- Generated by org.testng.reporters.JUnitReportReporter -->
<testsuite hostname="shreya" failures="0" tests="4" name="api.test.UserTests" time="0.927" errors="0" timestamp="2024-06-25T17:50:45 EDT" skipped="0">
  <testcase classname="api.test.UserTests" name="testPostUser" time="0.172"/>
  <system-out/>
  <testcase classname="api.test.UserTests" name="testGetUserByName" time="0.207"/>
  <system-out/>
  <testcase classname="api.test.UserTests" name="testUpdatetUserByName" time="0.357"/>
  <system-out/>
  <testcase classname="api.test.UserTests" name="testDeleteUserByName" time="0.191"/>
  <system-out/>
</testsuite> <!-- api.test.UserTests -->
