<?xml version="1.0" encoding="UTF-8"?>
<!-- Generated by org.testng.reporters.JUnitReportReporter -->
<testsuite hostname="shreya" failures="0" tests="9" name="api.test.DataDrivenTestsPet" time="3.991" errors="0" timestamp="2024-06-24T13:59:21 EDT" skipped="0">
  <testcase classname="api.test.DataDrivenTestsPet" name="testPostPet" time="2.460"/>
  <system-out/>
  <testcase classname="api.test.DataDrivenTestsPet" name="testPostPet" time="0.195"/>
  <system-out/>
  <testcase classname="api.test.DataDrivenTestsPet" name="testPostPet" time="0.200"/>
  <system-out/>
  <testcase classname="api.test.DataDrivenTestsPet" name="testGetPetById" time="0.198"/>
  <system-out/>
  <testcase classname="api.test.DataDrivenTestsPet" name="testGetPetById" time="0.202"/>
  <system-out/>
  <testcase classname="api.test.DataDrivenTestsPet" name="testGetPetById" time="0.159"/>
  <system-out/>
  <testcase classname="api.test.DataDrivenTestsPet" name="testDeletePetBy" time="0.176"/>
  <system-out/>
  <testcase classname="api.test.DataDrivenTestsPet" name="testDeletePetBy" time="0.235"/>
  <system-out/>
  <testcase classname="api.test.DataDrivenTestsPet" name="testDeletePetBy" time="0.166"/>
  <system-out/>
</testsuite> <!-- api.test.DataDrivenTestsPet -->
