<?xml version="1.0" encoding="UTF-8"?>
<!-- Generated by org.testng.reporters.JUnitReportReporter -->
<testsuite hostname="shreya" failures="0" tests="4" name="api.test.PetTests" time="2.577" errors="0" timestamp="2024-06-26T12:17:26 EDT" skipped="0">
  <testcase classname="api.test.PetTests" name="testPostPet" time="1.447"/>
  <system-out/>
  <testcase classname="api.test.PetTests" name="testGetPetById" time="0.316"/>
  <system-out/>
  <testcase classname="api.test.PetTests" name="testUpdatePet" time="0.575"/>
  <system-out/>
  <testcase classname="api.test.PetTests" name="testDeletePetById" time="0.239"/>
  <system-out/>
</testsuite> <!-- api.test.PetTests -->
