<?xml version="1.0" encoding="UTF-8"?>
<!-- Generated by org.testng.reporters.JUnitReportReporter -->
<testsuite hostname="DESKTOP-T6MEI5V" failures="0" tests="4" name="api.test.UserTests2" time="17.948" errors="0" timestamp="2024-01-29T13:26:53 EST" skipped="0">
  <testcase classname="api.test.UserTests2" name="testPostUser" time="16.991"/>
  <system-out/>
  <testcase classname="api.test.UserTests2" name="testGetUserByName" time="0.310"/>
  <system-out/>
  <testcase classname="api.test.UserTests2" name="testUpdatetUserByName" time="0.445"/>
  <system-out/>
  <testcase classname="api.test.UserTests2" name="testDeleteUserByName" time="0.202"/>
  <system-out/>
</testsuite> <!-- api.test.UserTests2 -->
