<?xml version="1.0" encoding="UTF-8"?>
<!-- Generated by org.testng.reporters.JUnitReportReporter -->
<testsuite hostname="shreya" failures="0" tests="4" name="api.test.UserTests2" time="1.259" errors="0" timestamp="2024-06-26T12:17:26 EDT" skipped="0">
  <testcase classname="api.test.UserTests2" name="testPostUser" time="0.310"/>
  <system-out/>
  <testcase classname="api.test.UserTests2" name="testGetUserByName" time="0.210"/>
  <system-out/>
  <testcase classname="api.test.UserTests2" name="testUpdatetUserByName" time="0.419"/>
  <system-out/>
  <testcase classname="api.test.UserTests2" name="testDeleteUserByName" time="0.320"/>
  <system-out/>
</testsuite> <!-- api.test.UserTests2 -->
