<?xml version="1.0" encoding="UTF-8"?>
<!-- Generated by org.testng.reporters.JUnitReportReporter -->
<testsuite hostname="shreya" failures="0" tests="9" name="api.test.DataDrivenTestsStore" time="4.478" errors="0" timestamp="2024-06-24T15:03:17 EDT" skipped="0">
  <testcase classname="api.test.DataDrivenTestsStore" name="testPostOrder" time="0.203"/>
  <system-out/>
  <testcase classname="api.test.DataDrivenTestsStore" name="testPostOrder" time="2.712"/>
  <system-out/>
  <testcase classname="api.test.DataDrivenTestsStore" name="testPostOrder" time="0.200"/>
  <system-out/>
  <testcase classname="api.test.DataDrivenTestsStore" name="testGetOderByOrderId" time="0.183"/>
  <system-out/>
  <testcase classname="api.test.DataDrivenTestsStore" name="testGetOderByOrderId" time="0.496"/>
  <system-out/>
  <testcase classname="api.test.DataDrivenTestsStore" name="testGetOderByOrderId" time="0.183"/>
  <system-out/>
  <testcase classname="api.test.DataDrivenTestsStore" name="testDeleteOrderByOrderId" time="0.167"/>
  <system-out/>
  <testcase classname="api.test.DataDrivenTestsStore" name="testDeleteOrderByOrderId" time="0.161"/>
  <system-out/>
  <testcase classname="api.test.DataDrivenTestsStore" name="testDeleteOrderByOrderId" time="0.173"/>
  <system-out/>
</testsuite> <!-- api.test.DataDrivenTestsStore -->
