<?xml version="1.0" encoding="UTF-8"?>
<!-- Generated by org.testng.reporters.JUnitReportReporter -->
<testsuite hostname="shreya" failures="0" tests="3" name="api.test.StoreTests" time="1.833" errors="0" timestamp="2024-06-26T12:17:26 EDT" skipped="0">
  <testcase classname="api.test.StoreTests" name="testPostOrder" time="0.465"/>
  <system-out/>
  <testcase classname="api.test.StoreTests" name="testGetOrder" time="0.445"/>
  <system-out/>
  <testcase classname="api.test.StoreTests" name="testDeleteOrder" time="0.923"/>
  <system-out/>
</testsuite> <!-- api.test.StoreTests -->
