<?xml version="1.0" encoding="UTF-8"?>
<!-- Generated by org.testng.reporters.JUnitReportReporter -->
<testsuite hostname="DESKTOP-T6MEI5V" failures="0" tests="4" name="api.test.UserTests" time="16.867" errors="0" timestamp="2024-01-25T16:59:51 EST" skipped="0">
  <testcase classname="api.test.UserTests" name="testPostUser" time="15.692"/>
  <system-out/>
  <testcase classname="api.test.UserTests" name="testGetUserByName" time="0.370"/>
  <system-out/>
  <testcase classname="api.test.UserTests" name="testUpdatetUserByName" time="0.580"/>
  <system-out/>
  <testcase classname="api.test.UserTests" name="testDeleteUserByName" time="0.225"/>
  <system-out/>
</testsuite> <!-- api.test.UserTests -->
