<?xml version="1.0" encoding="UTF-8"?>
<!-- Generated by org.testng.reporters.JUnitReportReporter -->
<testsuite hostname="DESKTOP-T6MEI5V" failures="0" tests="6" name="api.test.DataDrivenTests" time="14.074" errors="0" timestamp="2024-01-24T14:23:19 EST" skipped="0">
  <testcase classname="api.test.DataDrivenTests" name="testPostUser" time="0.256"/>
  <system-out/>
  <testcase classname="api.test.DataDrivenTests" name="testPostUser" time="10.538"/>
  <system-out/>
  <testcase classname="api.test.DataDrivenTests" name="testPostUser" time="1.221"/>
  <system-out/>
  <testcase classname="api.test.DataDrivenTests" name="testDeleteUserByName" time="0.455"/>
  <system-out/>
  <testcase classname="api.test.DataDrivenTests" name="testDeleteUserByName" time="1.209"/>
  <system-out/>
  <testcase classname="api.test.DataDrivenTests" name="testDeleteUserByName" time="0.395"/>
  <system-out/>
</testsuite> <!-- api.test.DataDrivenTests -->
